<?xml version="1.0" encoding="UTF-8" ?>
<!-- This is a WordPress eXtended RSS file generated by WordPress as an export of your site. -->
<!-- It contains information about your site's posts, pages, comments, categories, and other content. -->
<!-- You may use this file to transfer that content from one site to another. -->
<!-- This file is not intended to serve as a complete backup of your site. -->

<!-- To import this information into a WordPress site follow these steps: -->
<!-- 1. Log in to that site as an administrator. -->
<!-- 2. Go to Tools: Import in the WordPress admin panel. -->
<!-- 3. Install the "WordPress" importer from the list. -->
<!-- 4. Activate & Run Importer. -->
<!-- 5. Upload this file using the form provided on that page. -->
<!-- 6. You will first be asked to map the authors in this export file to users -->
<!--    on the site. For each author, you may choose to map to an -->
<!--    existing user on the site or to create a new user. -->
<!-- 7. WordPress will then import each of the posts, pages, comments, categories, etc. -->
<!--    contained in this file into your site. -->

<!-- generator="WordPress/4.9" created="2017-11-28 20:04" -->
<rss version="2.0"
	xmlns:excerpt="http://wordpress.org/export/1.2/excerpt/"
	xmlns:content="http://purl.org/rss/1.0/modules/content/"
	xmlns:wfw="http://wellformedweb.org/CommentAPI/"
	xmlns:dc="http://purl.org/dc/elements/1.1/"
	xmlns:wp="http://wordpress.org/export/1.2/"
>

<channel>
	<title>Semantic-Linkbacks Test</title>
	<link>http://wordpress</link>
	<description>WordPress Outreach Club</description>
	<pubDate>Tue, 28 Nov 2017 20:04:24 +0000</pubDate>
	<language>de-DE</language>
	<wp:wxr_version>1.2</wp:wxr_version>
	<wp:base_site_url>http://wordpress</wp:base_site_url>
	<wp:base_blog_url>http://wordpress</wp:base_blog_url>

	<wp:author><wp:author_id>1</wp:author_id><wp:author_login><![CDATA[test]]></wp:author_login><wp:author_email><![CDATA[pfefferle@gmail.com]]></wp:author_email><wp:author_display_name><![CDATA[test]]></wp:author_display_name><wp:author_first_name><![CDATA[]]></wp:author_first_name><wp:author_last_name><![CDATA[]]></wp:author_last_name></wp:author>

	<wp:category>
		<wp:term_id>1</wp:term_id>
		<wp:category_nicename><![CDATA[allgemein]]></wp:category_nicename>
		<wp:category_parent><![CDATA[]]></wp:category_parent>
		<wp:cat_name><![CDATA[Allgemein]]></wp:cat_name>
	</wp:category>
	<wp:term>
		<wp:term_id><![CDATA[1]]></wp:term_id>
		<wp:term_taxonomy><![CDATA[category]]></wp:term_taxonomy>
		<wp:term_slug><![CDATA[allgemein]]></wp:term_slug>
		<wp:term_parent><![CDATA[]]></wp:term_parent>
		<wp:term_name><![CDATA[Allgemein]]></wp:term_name>
	</wp:term>

	<generator>https://wordpress.org/?v=4.9</generator>

	<item>
		<title>Hallo Welt!</title>
		<link>http://wordpress/2017/11/28/hallo-welt/</link>
		<pubDate>Tue, 28 Nov 2017 19:56:21 +0000</pubDate>
		<dc:creator><![CDATA[test]]></dc:creator>
		<guid isPermaLink="false">http://wordpress/?p=1</guid>
		<description></description>
		<content:encoded><![CDATA[Willkommen zur deutschen Version von WordPress. Dies ist der erste Beitrag. Du kannst ihn bearbeiten oder löschen. Und dann starte mit dem Schreiben!]]></content:encoded>
		<excerpt:encoded><![CDATA[]]></excerpt:encoded>
		<wp:post_id>1</wp:post_id>
		<wp:post_date><![CDATA[2017-11-28 20:56:21]]></wp:post_date>
		<wp:post_date_gmt><![CDATA[2017-11-28 19:56:21]]></wp:post_date_gmt>
		<wp:comment_status><![CDATA[open]]></wp:comment_status>
		<wp:ping_status><![CDATA[open]]></wp:ping_status>
		<wp:post_name><![CDATA[hallo-welt]]></wp:post_name>
		<wp:status><![CDATA[publish]]></wp:status>
		<wp:post_parent>0</wp:post_parent>
		<wp:menu_order>0</wp:menu_order>
		<wp:post_type><![CDATA[post]]></wp:post_type>
		<wp:post_password><![CDATA[]]></wp:post_password>
		<wp:is_sticky>0</wp:is_sticky>
		<category domain="category" nicename="allgemein"><![CDATA[Allgemein]]></category>
		<wp:comment>
			<wp:comment_id>1</wp:comment_id>
			<wp:comment_author><![CDATA[Ein WordPress-Kommentator]]></wp:comment_author>
			<wp:comment_author_email><![CDATA[wapuu@wordpress.example]]></wp:comment_author_email>
			<wp:comment_author_url>https://wordpress.org/</wp:comment_author_url>
			<wp:comment_author_IP><![CDATA[]]></wp:comment_author_IP>
			<wp:comment_date><![CDATA[2017-11-28 20:56:21]]></wp:comment_date>
			<wp:comment_date_gmt><![CDATA[2017-11-28 19:56:21]]></wp:comment_date_gmt>
			<wp:comment_content><![CDATA[Hallo, dies ist ein Kommentar.
Um mit dem Freischalten, Bearbeiten und Löschen von Kommentaren zu beginnen, besuche bitte die Kommentare-Ansicht im Dashboard.
Die Avatare der Kommentatoren kommen von <a href="https://gravatar.com">Gravatar</a>.]]></wp:comment_content>
			<wp:comment_approved><![CDATA[1]]></wp:comment_approved>
			<wp:comment_type><![CDATA[]]></wp:comment_type>
			<wp:comment_parent>0</wp:comment_parent>
			<wp:comment_user_id>0</wp:comment_user_id>
		</wp:comment>
		<wp:comment>
			<wp:comment_id>2</wp:comment_id>
			<wp:comment_author><![CDATA[testpinger]]></wp:comment_author>
			<wp:comment_author_email><![CDATA[]]></wp:comment_author_email>
			<wp:comment_author_url>http://testpinger:8080/template?name=basic-reply&amp;target=http://wordpress/2017/11/28/hallo-welt/</wp:comment_author_url>
			<wp:comment_author_IP><![CDATA[192.168.0.2]]></wp:comment_author_IP>
			<wp:comment_date><![CDATA[2017-11-28 21:03:29]]></wp:comment_date>
			<wp:comment_date_gmt><![CDATA[2017-11-28 20:03:29]]></wp:comment_date_gmt>
			<wp:comment_content><![CDATA[@post: That's a great idea!]]></wp:comment_content>
			<wp:comment_approved><![CDATA[1]]></wp:comment_approved>
			<wp:comment_type><![CDATA[]]></wp:comment_type>
			<wp:comment_parent>0</wp:comment_parent>
			<wp:comment_user_id>0</wp:comment_user_id>
			<wp:commentmeta>
				<wp:meta_key><![CDATA[webmention_created_at]]></wp:meta_key>
				<wp:meta_value><![CDATA[2017-11-28 20:03:29]]></wp:meta_value>
			</wp:commentmeta>
			<wp:commentmeta>
				<wp:meta_key><![CDATA[webmention_source_url]]></wp:meta_key>
				<wp:meta_value><![CDATA[http://testpinger:8080/template?name=basic-reply&target=http://wordpress/2017/11/28/hallo-welt/]]></wp:meta_value>
			</wp:commentmeta>
			<wp:commentmeta>
				<wp:meta_key><![CDATA[webmention_target_url]]></wp:meta_key>
				<wp:meta_value><![CDATA[http://wordpress/2017/11/28/hallo-welt/]]></wp:meta_value>
			</wp:commentmeta>
			<wp:commentmeta>
				<wp:meta_key><![CDATA[semantic_linkbacks_source]]></wp:meta_key>
				<wp:meta_value><![CDATA[http://testpinger:8080/template?name=basic-reply&target=http://wordpress/2017/11/28/hallo-welt/]]></wp:meta_value>
			</wp:commentmeta>
			<wp:commentmeta>
				<wp:meta_key><![CDATA[semantic_linkbacks_canonical]]></wp:meta_key>
				<wp:meta_value><![CDATA[http://testpinger:8080/]]></wp:meta_value>
			</wp:commentmeta>
			<wp:commentmeta>
				<wp:meta_key><![CDATA[semantic_linkbacks_type]]></wp:meta_key>
				<wp:meta_value><![CDATA[reply]]></wp:meta_value>
			</wp:commentmeta>
			<wp:commentmeta>
				<wp:meta_key><![CDATA[mf2_in-reply-to]]></wp:meta_key>
				<wp:meta_value><![CDATA[http://wordpress/2017/11/28/hallo-welt/]]></wp:meta_value>
			</wp:commentmeta>
		</wp:comment>
		<wp:comment>
			<wp:comment_id>3</wp:comment_id>
			<wp:comment_author><![CDATA[testpinger]]></wp:comment_author>
			<wp:comment_author_email><![CDATA[]]></wp:comment_author_email>
			<wp:comment_author_url>http://testpinger:8080/template?name=basic-like&amp;target=http://wordpress/2017/11/28/hallo-welt/</wp:comment_author_url>
			<wp:comment_author_IP><![CDATA[192.168.0.2]]></wp:comment_author_IP>
			<wp:comment_date><![CDATA[2017-11-28 21:03:29]]></wp:comment_date>
			<wp:comment_date_gmt><![CDATA[2017-11-28 20:03:29]]></wp:comment_date_gmt>
			<wp:comment_content><![CDATA[A Cool Post]]></wp:comment_content>
			<wp:comment_approved><![CDATA[1]]></wp:comment_approved>
			<wp:comment_type><![CDATA[webmention]]></wp:comment_type>
			<wp:comment_parent>0</wp:comment_parent>
			<wp:comment_user_id>0</wp:comment_user_id>
			<wp:commentmeta>
				<wp:meta_key><![CDATA[webmention_created_at]]></wp:meta_key>
				<wp:meta_value><![CDATA[2017-11-28 20:03:29]]></wp:meta_value>
			</wp:commentmeta>
			<wp:commentmeta>
				<wp:meta_key><![CDATA[webmention_source_url]]></wp:meta_key>
				<wp:meta_value><![CDATA[http://testpinger:8080/template?name=basic-like&target=http://wordpress/2017/11/28/hallo-welt/]]></wp:meta_value>
			</wp:commentmeta>
			<wp:commentmeta>
				<wp:meta_key><![CDATA[webmention_target_url]]></wp:meta_key>
				<wp:meta_value><![CDATA[http://wordpress/2017/11/28/hallo-welt/]]></wp:meta_value>
			</wp:commentmeta>
			<wp:commentmeta>
				<wp:meta_key><![CDATA[semantic_linkbacks_source]]></wp:meta_key>
				<wp:meta_value><![CDATA[http://testpinger:8080/template?name=basic-like&target=http://wordpress/2017/11/28/hallo-welt/]]></wp:meta_value>
			</wp:commentmeta>
			<wp:commentmeta>
				<wp:meta_key><![CDATA[semantic_linkbacks_canonical]]></wp:meta_key>
				<wp:meta_value><![CDATA[http://testpinger:8080/]]></wp:meta_value>
			</wp:commentmeta>
			<wp:commentmeta>
				<wp:meta_key><![CDATA[semantic_linkbacks_type]]></wp:meta_key>
				<wp:meta_value><![CDATA[like]]></wp:meta_value>
			</wp:commentmeta>
			<wp:commentmeta>
				<wp:meta_key><![CDATA[mf2_like-of]]></wp:meta_key>
				<wp:meta_value><![CDATA[http://wordpress/2017/11/28/hallo-welt/]]></wp:meta_value>
			</wp:commentmeta>
		</wp:comment>
		<wp:comment>
			<wp:comment_id>4</wp:comment_id>
			<wp:comment_author><![CDATA[testpinger]]></wp:comment_author>
			<wp:comment_author_email><![CDATA[]]></wp:comment_author_email>
			<wp:comment_author_url>http://testpinger:8080/template?name=basic-with-comments&amp;target=http://wordpress/2017/11/28/hallo-welt/</wp:comment_author_url>
			<wp:comment_author_IP><![CDATA[192.168.0.2]]></wp:comment_author_IP>
			<wp:comment_date><![CDATA[2017-11-28 21:03:29]]></wp:comment_date>
			<wp:comment_date_gmt><![CDATA[2017-11-28 20:03:29]]></wp:comment_date_gmt>
			<wp:comment_content><![CDATA[@post: This one even has a response!
  A comment]]></wp:comment_content>
			<wp:comment_approved><![CDATA[1]]></wp:comment_approved>
			<wp:comment_type><![CDATA[]]></wp:comment_type>
			<wp:comment_parent>0</wp:comment_parent>
			<wp:comment_user_id>0</wp:comment_user_id>
			<wp:commentmeta>
				<wp:meta_key><![CDATA[webmention_created_at]]></wp:meta_key>
				<wp:meta_value><![CDATA[2017-11-28 20:03:29]]></wp:meta_value>
			</wp:commentmeta>
			<wp:commentmeta>
				<wp:meta_key><![CDATA[webmention_source_url]]></wp:meta_key>
				<wp:meta_value><![CDATA[http://testpinger:8080/template?name=basic-with-comments&target=http://wordpress/2017/11/28/hallo-welt/]]></wp:meta_value>
			</wp:commentmeta>
			<wp:commentmeta>
				<wp:meta_key><![CDATA[webmention_target_url]]></wp:meta_key>
				<wp:meta_value><![CDATA[http://wordpress/2017/11/28/hallo-welt/]]></wp:meta_value>
			</wp:commentmeta>
			<wp:commentmeta>
				<wp:meta_key><![CDATA[semantic_linkbacks_source]]></wp:meta_key>
				<wp:meta_value><![CDATA[http://testpinger:8080/template?name=basic-with-comments&target=http://wordpress/2017/11/28/hallo-welt/]]></wp:meta_value>
			</wp:commentmeta>
			<wp:commentmeta>
				<wp:meta_key><![CDATA[semantic_linkbacks_canonical]]></wp:meta_key>
				<wp:meta_value><![CDATA[http://testpinger:8080/]]></wp:meta_value>
			</wp:commentmeta>
			<wp:commentmeta>
				<wp:meta_key><![CDATA[semantic_linkbacks_type]]></wp:meta_key>
				<wp:meta_value><![CDATA[reply]]></wp:meta_value>
			</wp:commentmeta>
			<wp:commentmeta>
				<wp:meta_key><![CDATA[mf2_in-reply-to]]></wp:meta_key>
				<wp:meta_value><![CDATA[http://wordpress/2017/11/28/hallo-welt/]]></wp:meta_value>
			</wp:commentmeta>
		</wp:comment>
		<wp:comment>
			<wp:comment_id>5</wp:comment_id>
			<wp:comment_author><![CDATA[testpinger]]></wp:comment_author>
			<wp:comment_author_email><![CDATA[]]></wp:comment_author_email>
			<wp:comment_author_url>http://testpinger:8080/template?name=basic-multi&amp;target=http://wordpress/2017/11/28/hallo-welt/</wp:comment_author_url>
			<wp:comment_author_IP><![CDATA[192.168.0.2]]></wp:comment_author_IP>
			<wp:comment_date><![CDATA[2017-11-28 21:03:29]]></wp:comment_date>
			<wp:comment_date_gmt><![CDATA[2017-11-28 20:03:29]]></wp:comment_date_gmt>
			<wp:comment_content><![CDATA[Awesome links:
  First and
  Second]]></wp:comment_content>
			<wp:comment_approved><![CDATA[1]]></wp:comment_approved>
			<wp:comment_type><![CDATA[webmention]]></wp:comment_type>
			<wp:comment_parent>0</wp:comment_parent>
			<wp:comment_user_id>0</wp:comment_user_id>
			<wp:commentmeta>
				<wp:meta_key><![CDATA[webmention_created_at]]></wp:meta_key>
				<wp:meta_value><![CDATA[2017-11-28 20:03:29]]></wp:meta_value>
			</wp:commentmeta>
			<wp:commentmeta>
				<wp:meta_key><![CDATA[webmention_source_url]]></wp:meta_key>
				<wp:meta_value><![CDATA[http://testpinger:8080/template?name=basic-multi&target=http://wordpress/2017/11/28/hallo-welt/]]></wp:meta_value>
			</wp:commentmeta>
			<wp:commentmeta>
				<wp:meta_key><![CDATA[webmention_target_url]]></wp:meta_key>
				<wp:meta_value><![CDATA[http://wordpress/2017/11/28/hallo-welt/]]></wp:meta_value>
			</wp:commentmeta>
			<wp:commentmeta>
				<wp:meta_key><![CDATA[semantic_linkbacks_source]]></wp:meta_key>
				<wp:meta_value><![CDATA[http://testpinger:8080/template?name=basic-multi&target=http://wordpress/2017/11/28/hallo-welt/]]></wp:meta_value>
			</wp:commentmeta>
			<wp:commentmeta>
				<wp:meta_key><![CDATA[semantic_linkbacks_canonical]]></wp:meta_key>
				<wp:meta_value><![CDATA[http://testpinger:8080/]]></wp:meta_value>
			</wp:commentmeta>
			<wp:commentmeta>
				<wp:meta_key><![CDATA[semantic_linkbacks_type]]></wp:meta_key>
				<wp:meta_value><![CDATA[mention]]></wp:meta_value>
			</wp:commentmeta>
		</wp:comment>
		<wp:comment>
			<wp:comment_id>6</wp:comment_id>
			<wp:comment_author><![CDATA[Checkmention XSS test]]></wp:comment_author>
			<wp:comment_author_email><![CDATA[]]></wp:comment_author_email>
			<wp:comment_author_url>http://testpinger:8080/template?name=checkmention-xss&amp;target=http://wordpress/2017/11/28/hallo-welt/</wp:comment_author_url>
			<wp:comment_author_IP><![CDATA[192.168.0.2]]></wp:comment_author_IP>
			<wp:comment_date><![CDATA[2017-11-28 21:03:29]]></wp:comment_date>
			<wp:comment_date_gmt><![CDATA[2017-11-28 20:03:29]]></wp:comment_date_gmt>
			<wp:comment_content><![CDATA[<a href="alert('xss-a')" rel="nofollow">Clicking this</a>
should not cause an alert.
This div
should not alert.
Try clicking <a href="alert('xss-kylewm')" rel="nofollow">this link</a>
&lt;script&gt;alert("encoded-xss")&lt;/script&gt;
and <a href="alert('xss-a1')" rel="nofollow">this too</a>.
<b>Mouse over this</b>
should not cause an alert. This broken
 should not throw an alert.
alert("XSS4");//

Neither should .
Please look at the <a href="https://www.owasp.org/index.php/XSS_%28Cross_Site_Scripting%29_Prevention_Cheat_Sheet" rel="nofollow">Owasp XSS prevention cheat sheet</a> for more information.]]></wp:comment_content>
			<wp:comment_approved><![CDATA[1]]></wp:comment_approved>
			<wp:comment_type><![CDATA[]]></wp:comment_type>
			<wp:comment_parent>0</wp:comment_parent>
			<wp:comment_user_id>0</wp:comment_user_id>
			<wp:commentmeta>
				<wp:meta_key><![CDATA[webmention_created_at]]></wp:meta_key>
				<wp:meta_value><![CDATA[2017-11-28 20:03:29]]></wp:meta_value>
			</wp:commentmeta>
			<wp:commentmeta>
				<wp:meta_key><![CDATA[webmention_source_url]]></wp:meta_key>
				<wp:meta_value><![CDATA[http://testpinger:8080/template?name=checkmention-xss&target=http://wordpress/2017/11/28/hallo-welt/]]></wp:meta_value>
			</wp:commentmeta>
			<wp:commentmeta>
				<wp:meta_key><![CDATA[webmention_target_url]]></wp:meta_key>
				<wp:meta_value><![CDATA[http://wordpress/2017/11/28/hallo-welt/]]></wp:meta_value>
			</wp:commentmeta>
			<wp:commentmeta>
				<wp:meta_key><![CDATA[semantic_linkbacks_source]]></wp:meta_key>
				<wp:meta_value><![CDATA[http://testpinger:8080/template?name=checkmention-xss&target=http://wordpress/2017/11/28/hallo-welt/]]></wp:meta_value>
			</wp:commentmeta>
			<wp:commentmeta>
				<wp:meta_key><![CDATA[semantic_linkbacks_author_url]]></wp:meta_key>
				<wp:meta_value><![CDATA[https://checkmention.appspot.com/]]></wp:meta_value>
			</wp:commentmeta>
			<wp:commentmeta>
				<wp:meta_key><![CDATA[avatar]]></wp:meta_key>
				<wp:meta_value><![CDATA[https://checkmention.appspot.com/static/img/q.jpg]]></wp:meta_value>
			</wp:commentmeta>
			<wp:commentmeta>
				<wp:meta_key><![CDATA[semantic_linkbacks_canonical]]></wp:meta_key>
				<wp:meta_value><![CDATA[http://testpinger:8080/template?name=checkmention-xss&target=http://wordpress/2017/11/28/hallo-welt/]]></wp:meta_value>
			</wp:commentmeta>
			<wp:commentmeta>
				<wp:meta_key><![CDATA[semantic_linkbacks_type]]></wp:meta_key>
				<wp:meta_value><![CDATA[reply]]></wp:meta_value>
			</wp:commentmeta>
			<wp:commentmeta>
				<wp:meta_key><![CDATA[mf2_in-reply-to]]></wp:meta_key>
				<wp:meta_value><![CDATA[a:3:{s:4:"type";s:6:"h-cite";s:4:"name";s:9:"this page";s:3:"url";s:39:"http://wordpress/2017/11/28/hallo-welt/";}]]></wp:meta_value>
			</wp:commentmeta>
			<wp:commentmeta>
				<wp:meta_key><![CDATA[mf2_author]]></wp:meta_key>
				<wp:meta_value><![CDATA[a:4:{s:4:"type";s:6:"h-card";s:4:"name";s:21:"Checkmention XSS test";s:5:"photo";s:49:"https://checkmention.appspot.com/static/img/q.jpg";s:3:"url";s:33:"https://checkmention.appspot.com/";}]]></wp:meta_value>
			</wp:commentmeta>
		</wp:comment>
		<wp:comment>
			<wp:comment_id>7</wp:comment_id>
			<wp:comment_author><![CDATA[Does clicking me alert?]]></wp:comment_author>
			<wp:comment_author_email><![CDATA[]]></wp:comment_author_email>
			<wp:comment_author_url>http://testpinger:8080/template?name=checkmention-hcardxss&amp;target=http://wordpress/2017/11/28/hallo-welt/</wp:comment_author_url>
			<wp:comment_author_IP><![CDATA[192.168.0.2]]></wp:comment_author_IP>
			<wp:comment_date><![CDATA[2017-11-28 21:03:29]]></wp:comment_date>
			<wp:comment_date_gmt><![CDATA[2017-11-28 20:03:29]]></wp:comment_date_gmt>
			<wp:comment_content><![CDATA[This test embeds XSS within the hcard name and time field. Clicking on
the name or title should not raise an alert.]]></wp:comment_content>
			<wp:comment_approved><![CDATA[1]]></wp:comment_approved>
			<wp:comment_type><![CDATA[]]></wp:comment_type>
			<wp:comment_parent>0</wp:comment_parent>
			<wp:comment_user_id>0</wp:comment_user_id>
			<wp:commentmeta>
				<wp:meta_key><![CDATA[webmention_created_at]]></wp:meta_key>
				<wp:meta_value><![CDATA[2017-11-28 20:03:29]]></wp:meta_value>
			</wp:commentmeta>
			<wp:commentmeta>
				<wp:meta_key><![CDATA[webmention_source_url]]></wp:meta_key>
				<wp:meta_value><![CDATA[http://testpinger:8080/template?name=checkmention-hcardxss&target=http://wordpress/2017/11/28/hallo-welt/]]></wp:meta_value>
			</wp:commentmeta>
			<wp:commentmeta>
				<wp:meta_key><![CDATA[webmention_target_url]]></wp:meta_key>
				<wp:meta_value><![CDATA[http://wordpress/2017/11/28/hallo-welt/]]></wp:meta_value>
			</wp:commentmeta>
			<wp:commentmeta>
				<wp:meta_key><![CDATA[semantic_linkbacks_source]]></wp:meta_key>
				<wp:meta_value><![CDATA[http://testpinger:8080/template?name=checkmention-hcardxss&target=http://wordpress/2017/11/28/hallo-welt/]]></wp:meta_value>
			</wp:commentmeta>
			<wp:commentmeta>
				<wp:meta_key><![CDATA[semantic_linkbacks_author_url]]></wp:meta_key>
				<wp:meta_value><![CDATA[]]></wp:meta_value>
			</wp:commentmeta>
			<wp:commentmeta>
				<wp:meta_key><![CDATA[avatar]]></wp:meta_key>
				<wp:meta_value><![CDATA[https://checkmention.appspot.com/static/img/q.jpg]]></wp:meta_value>
			</wp:commentmeta>
			<wp:commentmeta>
				<wp:meta_key><![CDATA[semantic_linkbacks_canonical]]></wp:meta_key>
				<wp:meta_value><![CDATA[http://testpinger:8080/template?name=checkmention-hcardxss&target=http://wordpress/2017/11/28/hallo-welt/]]></wp:meta_value>
			</wp:commentmeta>
			<wp:commentmeta>
				<wp:meta_key><![CDATA[semantic_linkbacks_type]]></wp:meta_key>
				<wp:meta_value><![CDATA[reply]]></wp:meta_value>
			</wp:commentmeta>
			<wp:commentmeta>
				<wp:meta_key><![CDATA[mf2_in-reply-to]]></wp:meta_key>
				<wp:meta_value><![CDATA[a:3:{s:4:"type";s:6:"h-cite";s:4:"name";s:9:"this page";s:3:"url";s:39:"http://wordpress/2017/11/28/hallo-welt/";}]]></wp:meta_value>
			</wp:commentmeta>
			<wp:commentmeta>
				<wp:meta_key><![CDATA[mf2_author]]></wp:meta_key>
				<wp:meta_value><![CDATA[a:4:{s:4:"type";s:6:"h-card";s:4:"name";s:23:"Does clicking me alert?";s:5:"photo";s:49:"https://checkmention.appspot.com/static/img/q.jpg";s:3:"url";s:25:"javascript:alert('hcard')";}]]></wp:meta_value>
			</wp:commentmeta>
		</wp:comment>
		<wp:comment>
			<wp:comment_id>8</wp:comment_id>
			<wp:comment_author><![CDATA[Markus Heurung]]></wp:comment_author>
			<wp:comment_author_email><![CDATA[]]></wp:comment_author_email>
			<wp:comment_author_url>http://testpinger:8080/template?name=brid-gy&amp;target=http://wordpress/2017/11/28/hallo-welt/</wp:comment_author_url>
			<wp:comment_author_IP><![CDATA[192.168.0.2]]></wp:comment_author_IP>
			<wp:comment_date><![CDATA[2014-01-16 10:58:17]]></wp:comment_date>
			<wp:comment_date_gmt><![CDATA[2014-01-16 09:58:17]]></wp:comment_date_gmt>
			<wp:comment_content><![CDATA[<a href="http://twitter.com/muhh/status/423756080376995840" rel="nofollow">retweeted this.</a><a href="http://twitter.com/pfefferle/status/423744359297585152" rel="nofollow"></a>
<a href="http://notizblog.org/t/1wi" rel="nofollow"></a>
<a href="http://wordpress/2017/11/28/hallo-welt/"></a>]]></wp:comment_content>
			<wp:comment_approved><![CDATA[1]]></wp:comment_approved>
			<wp:comment_type><![CDATA[webmention]]></wp:comment_type>
			<wp:comment_parent>0</wp:comment_parent>
			<wp:comment_user_id>0</wp:comment_user_id>
			<wp:commentmeta>
				<wp:meta_key><![CDATA[webmention_created_at]]></wp:meta_key>
				<wp:meta_value><![CDATA[2017-11-28 20:03:29]]></wp:meta_value>
			</wp:commentmeta>
			<wp:commentmeta>
				<wp:meta_key><![CDATA[webmention_source_url]]></wp:meta_key>
				<wp:meta_value><![CDATA[http://testpinger:8080/template?name=brid-gy&target=http://wordpress/2017/11/28/hallo-welt/]]></wp:meta_value>
			</wp:commentmeta>
			<wp:commentmeta>
				<wp:meta_key><![CDATA[webmention_target_url]]></wp:meta_key>
				<wp:meta_value><![CDATA[http://wordpress/2017/11/28/hallo-welt/]]></wp:meta_value>
			</wp:commentmeta>
			<wp:commentmeta>
				<wp:meta_key><![CDATA[semantic_linkbacks_source]]></wp:meta_key>
				<wp:meta_value><![CDATA[http://testpinger:8080/template?name=brid-gy&target=http://wordpress/2017/11/28/hallo-welt/]]></wp:meta_value>
			</wp:commentmeta>
			<wp:commentmeta>
				<wp:meta_key><![CDATA[semantic_linkbacks_author_url]]></wp:meta_key>
				<wp:meta_value><![CDATA[http://twitter.com/muhh]]></wp:meta_value>
			</wp:commentmeta>
			<wp:commentmeta>
				<wp:meta_key><![CDATA[avatar]]></wp:meta_key>
				<wp:meta_value><![CDATA[https://pbs.twimg.com/profile_images/419417667704205312/OZ3sBz_o_normal.jpeg]]></wp:meta_value>
			</wp:commentmeta>
			<wp:commentmeta>
				<wp:meta_key><![CDATA[semantic_linkbacks_canonical]]></wp:meta_key>
				<wp:meta_value><![CDATA[http://twitter.com/muhh/status/423756080376995840]]></wp:meta_value>
			</wp:commentmeta>
			<wp:commentmeta>
				<wp:meta_key><![CDATA[semantic_linkbacks_type]]></wp:meta_key>
				<wp:meta_value><![CDATA[repost]]></wp:meta_value>
			</wp:commentmeta>
			<wp:commentmeta>
				<wp:meta_key><![CDATA[mf2_author]]></wp:meta_key>
				<wp:meta_value><![CDATA[a:5:{s:4:"type";s:6:"h-card";s:4:"name";s:14:"Markus Heurung";s:3:"url";s:23:"http://twitter.com/muhh";s:5:"photo";s:76:"https://pbs.twimg.com/profile_images/419417667704205312/OZ3sBz_o_normal.jpeg";s:3:"uid";s:25:"tag:twitter.com,2013:muhh";}]]></wp:meta_value>
			</wp:commentmeta>
			<wp:commentmeta>
				<wp:meta_key><![CDATA[mf2_uid]]></wp:meta_key>
				<wp:meta_value><![CDATA[tag:twitter.com,2013:423756080376995840]]></wp:meta_value>
			</wp:commentmeta>
			<wp:commentmeta>
				<wp:meta_key><![CDATA[mf2_repost]]></wp:meta_key>
				<wp:meta_value><![CDATA[a:3:{i:0;s:54:"http://twitter.com/pfefferle/status/423744359297585152";i:1;s:26:"http://notizblog.org/t/1wi";i:2;s:39:"http://wordpress/2017/11/28/hallo-welt/";}]]></wp:meta_value>
			</wp:commentmeta>
			<wp:commentmeta>
				<wp:meta_key><![CDATA[mf2_repost-of]]></wp:meta_key>
				<wp:meta_value><![CDATA[a:3:{i:0;s:54:"http://twitter.com/pfefferle/status/423744359297585152";i:1;s:26:"http://notizblog.org/t/1wi";i:2;s:39:"http://wordpress/2017/11/28/hallo-welt/";}]]></wp:meta_value>
			</wp:commentmeta>
		</wp:comment>
		<wp:comment>
			<wp:comment_id>9</wp:comment_id>
			<wp:comment_author><![CDATA[Aaron Parecki]]></wp:comment_author>
			<wp:comment_author_email><![CDATA[]]></wp:comment_author_email>
			<wp:comment_author_url>http://testpinger:8080/template?name=aaronparecki-com&amp;target=http://wordpress/2017/11/28/hallo-welt/</wp:comment_author_url>
			<wp:comment_author_IP><![CDATA[192.168.0.2]]></wp:comment_author_IP>
			<wp:comment_date><![CDATA[2013-09-08 16:21:50]]></wp:comment_date>
			<wp:comment_date_gmt><![CDATA[2013-09-08 14:21:50]]></wp:comment_date_gmt>
			<wp:comment_content><![CDATA[<a href="http://adactio.com/" rel="nofollow">@adactio</a> Crossing my fingers that this post makes it! <a href="http://testpinger:8080/tag/indiewebcampuk" rel="nofollow">#indiewebcampuk</a> <a href="http://testpinger:8080/tag/webmention" rel="nofollow">#webmention</a>]]></wp:comment_content>
			<wp:comment_approved><![CDATA[1]]></wp:comment_approved>
			<wp:comment_type><![CDATA[]]></wp:comment_type>
			<wp:comment_parent>0</wp:comment_parent>
			<wp:comment_user_id>0</wp:comment_user_id>
			<wp:commentmeta>
				<wp:meta_key><![CDATA[webmention_created_at]]></wp:meta_key>
				<wp:meta_value><![CDATA[2017-11-28 20:03:29]]></wp:meta_value>
			</wp:commentmeta>
			<wp:commentmeta>
				<wp:meta_key><![CDATA[webmention_source_url]]></wp:meta_key>
				<wp:meta_value><![CDATA[http://testpinger:8080/template?name=aaronparecki-com&target=http://wordpress/2017/11/28/hallo-welt/]]></wp:meta_value>
			</wp:commentmeta>
			<wp:commentmeta>
				<wp:meta_key><![CDATA[webmention_target_url]]></wp:meta_key>
				<wp:meta_value><![CDATA[http://wordpress/2017/11/28/hallo-welt/]]></wp:meta_value>
			</wp:commentmeta>
			<wp:commentmeta>
				<wp:meta_key><![CDATA[semantic_linkbacks_source]]></wp:meta_key>
				<wp:meta_value><![CDATA[http://testpinger:8080/template?name=aaronparecki-com&target=http://wordpress/2017/11/28/hallo-welt/]]></wp:meta_value>
			</wp:commentmeta>
			<wp:commentmeta>
				<wp:meta_key><![CDATA[semantic_linkbacks_author_url]]></wp:meta_key>
				<wp:meta_value><![CDATA[http://aaronparecki.com/]]></wp:meta_value>
			</wp:commentmeta>
			<wp:commentmeta>
				<wp:meta_key><![CDATA[avatar]]></wp:meta_key>
				<wp:meta_value><![CDATA[http://aaronparecki.com/images/aaronpk.png]]></wp:meta_value>
			</wp:commentmeta>
			<wp:commentmeta>
				<wp:meta_key><![CDATA[semantic_linkbacks_canonical]]></wp:meta_key>
				<wp:meta_value><![CDATA[http://aaronparecki.com/replies/2013/09/08/1/indiewebcampuk-webmention]]></wp:meta_value>
			</wp:commentmeta>
			<wp:commentmeta>
				<wp:meta_key><![CDATA[semantic_linkbacks_type]]></wp:meta_key>
				<wp:meta_value><![CDATA[reply]]></wp:meta_value>
			</wp:commentmeta>
			<wp:commentmeta>
				<wp:meta_key><![CDATA[mf2_in-reply-to]]></wp:meta_key>
				<wp:meta_value><![CDATA[a:6:{s:4:"type";s:6:"h-cite";s:6:"author";a:4:{s:4:"type";s:6:"h-card";s:4:"name";s:12:"Jeremy Keith";s:5:"photo";s:100:"http://testpinger:8080/template?name=aaronparecki-com&target=http://wordpress/2017/11/28/hallo-welt/";s:3:"url";s:19:"http://adactio.com/";}s:4:"name";s:19:"Testing webmentions";s:3:"url";s:39:"http://wordpress/2017/11/28/hallo-welt/";s:9:"published";s:25:"2013-09-08T03:18:13+00:00";s:7:"content";a:2:{s:4:"html";s:19:"Testing webmentions";s:5:"value";s:19:"Testing webmentions";}}]]></wp:meta_value>
			</wp:commentmeta>
			<wp:commentmeta>
				<wp:meta_key><![CDATA[mf2_author]]></wp:meta_key>
				<wp:meta_value><![CDATA[a:4:{s:4:"type";s:6:"h-card";s:4:"name";s:13:"Aaron Parecki";s:5:"photo";s:42:"http://aaronparecki.com/images/aaronpk.png";s:3:"url";s:24:"http://aaronparecki.com/";}]]></wp:meta_value>
			</wp:commentmeta>
		</wp:comment>
		<wp:comment>
			<wp:comment_id>10</wp:comment_id>
			<wp:comment_author><![CDATA[Matthias Pfefferle]]></wp:comment_author>
			<wp:comment_author_email><![CDATA[]]></wp:comment_author_email>
			<wp:comment_author_url>http://testpinger:8080/template?name=notizblog-org&amp;target=http://wordpress/2017/11/28/hallo-welt/</wp:comment_author_url>
			<wp:comment_author_IP><![CDATA[192.168.0.2]]></wp:comment_author_IP>
			<wp:comment_date><![CDATA[2014-01-16 11:11:26]]></wp:comment_date>
			<wp:comment_date_gmt><![CDATA[2014-01-16 10:11:26]]></wp:comment_date_gmt>
			<wp:comment_content><![CDATA[Bridgy ist ein WebMention Proxy für Twitter, Facebook und Google+. Es sammelt comments, shares, likes und re-tweets und leitet sie an die entsprechenden Links weiter.
Bridgy sends webmentions for comments, likes, and reshares on Facebook, Twitter, Google+, and Instagram. Bridgy notices when you post links, watches for activity on those posts, and sends them back to your site as webmentions. It also serves them as microformats2 for webmention targets to read.
Großartige Idee!
Wer sein eigenes Bridgy betreiben will… der Code ist Open Source!]]></wp:comment_content>
			<wp:comment_approved><![CDATA[1]]></wp:comment_approved>
			<wp:comment_type><![CDATA[]]></wp:comment_type>
			<wp:comment_parent>0</wp:comment_parent>
			<wp:comment_user_id>0</wp:comment_user_id>
			<wp:commentmeta>
				<wp:meta_key><![CDATA[webmention_created_at]]></wp:meta_key>
				<wp:meta_value><![CDATA[2017-11-28 20:03:29]]></wp:meta_value>
			</wp:commentmeta>
			<wp:commentmeta>
				<wp:meta_key><![CDATA[webmention_source_url]]></wp:meta_key>
				<wp:meta_value><![CDATA[http://testpinger:8080/template?name=notizblog-org&target=http://wordpress/2017/11/28/hallo-welt/]]></wp:meta_value>
			</wp:commentmeta>
			<wp:commentmeta>
				<wp:meta_key><![CDATA[webmention_target_url]]></wp:meta_key>
				<wp:meta_value><![CDATA[http://wordpress/2017/11/28/hallo-welt/]]></wp:meta_value>
			</wp:commentmeta>
			<wp:commentmeta>
				<wp:meta_key><![CDATA[semantic_linkbacks_source]]></wp:meta_key>
				<wp:meta_value><![CDATA[http://testpinger:8080/template?name=notizblog-org&target=http://wordpress/2017/11/28/hallo-welt/]]></wp:meta_value>
			</wp:commentmeta>
			<wp:commentmeta>
				<wp:meta_key><![CDATA[semantic_linkbacks_author_url]]></wp:meta_key>
				<wp:meta_value><![CDATA[https://notizblog.org/author/matthias-pfefferle/]]></wp:meta_value>
			</wp:commentmeta>
			<wp:commentmeta>
				<wp:meta_key><![CDATA[avatar]]></wp:meta_key>
				<wp:meta_value><![CDATA[https://secure.gravatar.com/avatar/b36983a5651df2c413e264ad4d5cc1a1?s=40&d=https%3A%2F%2Fsecure.gravatar.com%2Favatar%2Fad516503a11cd5ca435acc9bb6523536%3Fs%3D40&r=G]]></wp:meta_value>
			</wp:commentmeta>
			<wp:commentmeta>
				<wp:meta_key><![CDATA[semantic_linkbacks_canonical]]></wp:meta_key>
				<wp:meta_value><![CDATA[https://notizblog.org/2014/01/16/bridgy-webmentions-fuer-twitter-und-facebook/]]></wp:meta_value>
			</wp:commentmeta>
			<wp:commentmeta>
				<wp:meta_key><![CDATA[semantic_linkbacks_type]]></wp:meta_key>
				<wp:meta_value><![CDATA[reply]]></wp:meta_value>
			</wp:commentmeta>
			<wp:commentmeta>
				<wp:meta_key><![CDATA[mf2_author]]></wp:meta_key>
				<wp:meta_value><![CDATA[a:6:{s:4:"type";s:6:"h-card";s:4:"name";s:18:"Matthias Pfefferle";s:5:"photo";s:165:"https://secure.gravatar.com/avatar/b36983a5651df2c413e264ad4d5cc1a1?s=40&d=https%3A%2F%2Fsecure.gravatar.com%2Favatar%2Fad516503a11cd5ca435acc9bb6523536%3Fs%3D40&r=G";s:3:"url";s:48:"https://notizblog.org/author/matthias-pfefferle/";s:3:"uid";s:48:"https://notizblog.org/author/matthias-pfefferle/";s:2:"me";a:12:{i:0;s:25:"http://openwebpodcast.de/";i:1;s:19:"http://microform.at";i:2;s:19:"http://12things.de/";i:3;s:20:"http://ichmagrot.de/";i:4;s:53:"https://plus.google.com/+MatthiasPfefferle?rel=author";i:5;s:31:"https://alpha.app.net/pfefferle";i:6;s:28:"https://github.com/pfefferle";i:7;s:42:"http://indiewebcamp.com/User:Notizblog.org";i:8;s:43:"http://microformats.org/wiki/User:Pfefferle";i:9;s:35:"http://www.slideshare.net/pfefferle";i:10;s:28:"http://twitter.com/pfefferle";i:11;s:47:"https://www.xing.com/profile/Matthias_Pfefferle";}}]]></wp:meta_value>
			</wp:commentmeta>
			<wp:commentmeta>
				<wp:meta_key><![CDATA[mf2_in-reply-to]]></wp:meta_key>
				<wp:meta_value><![CDATA[http://wordpress/2017/11/28/hallo-welt/]]></wp:meta_value>
			</wp:commentmeta>
			<wp:commentmeta>
				<wp:meta_key><![CDATA[mf2_like]]></wp:meta_key>
				<wp:meta_value><![CDATA[http://snarfed.org/2013-12-23_bridgy-now-with-likes-and-retweets]]></wp:meta_value>
			</wp:commentmeta>
		</wp:comment>
		<wp:comment>
			<wp:comment_id>11</wp:comment_id>
			<wp:comment_author><![CDATA[testpinger]]></wp:comment_author>
			<wp:comment_author_email><![CDATA[]]></wp:comment_author_email>
			<wp:comment_author_url>http://testpinger:8080/template?name=sandeep-io&amp;target=http://wordpress/2017/11/28/hallo-welt/</wp:comment_author_url>
			<wp:comment_author_IP><![CDATA[192.168.0.2]]></wp:comment_author_IP>
			<wp:comment_date><![CDATA[2013-07-03 23:27:22]]></wp:comment_date>
			<wp:comment_date_gmt><![CDATA[2013-07-03 21:27:22]]></wp:comment_date_gmt>
			<wp:comment_content><![CDATA[Liked [What idno is](http://werd.io/entry/51d3c98cbed7de6715d8fd15/what-idno-is)
#indieweb #idno]]></wp:comment_content>
			<wp:comment_approved><![CDATA[1]]></wp:comment_approved>
			<wp:comment_type><![CDATA[webmention]]></wp:comment_type>
			<wp:comment_parent>0</wp:comment_parent>
			<wp:comment_user_id>0</wp:comment_user_id>
			<wp:commentmeta>
				<wp:meta_key><![CDATA[webmention_created_at]]></wp:meta_key>
				<wp:meta_value><![CDATA[2017-11-28 20:03:29]]></wp:meta_value>
			</wp:commentmeta>
			<wp:commentmeta>
				<wp:meta_key><![CDATA[webmention_source_url]]></wp:meta_key>
				<wp:meta_value><![CDATA[http://testpinger:8080/template?name=sandeep-io&target=http://wordpress/2017/11/28/hallo-welt/]]></wp:meta_value>
			</wp:commentmeta>
			<wp:commentmeta>
				<wp:meta_key><![CDATA[webmention_target_url]]></wp:meta_key>
				<wp:meta_value><![CDATA[http://wordpress/2017/11/28/hallo-welt/]]></wp:meta_value>
			</wp:commentmeta>
			<wp:commentmeta>
				<wp:meta_key><![CDATA[semantic_linkbacks_source]]></wp:meta_key>
				<wp:meta_value><![CDATA[http://testpinger:8080/template?name=sandeep-io&target=http://wordpress/2017/11/28/hallo-welt/]]></wp:meta_value>
			</wp:commentmeta>
			<wp:commentmeta>
				<wp:meta_key><![CDATA[semantic_linkbacks_canonical]]></wp:meta_key>
				<wp:meta_value><![CDATA[http://www.sandeep.io/103]]></wp:meta_value>
			</wp:commentmeta>
			<wp:commentmeta>
				<wp:meta_key><![CDATA[semantic_linkbacks_type]]></wp:meta_key>
				<wp:meta_value><![CDATA[like]]></wp:meta_value>
			</wp:commentmeta>
			<wp:commentmeta>
				<wp:meta_key><![CDATA[mf2_like]]></wp:meta_key>
				<wp:meta_value><![CDATA[http://wordpress/2017/11/28/hallo-welt/]]></wp:meta_value>
			</wp:commentmeta>
		</wp:comment>
		<wp:comment>
			<wp:comment_id>12</wp:comment_id>
			<wp:comment_author><![CDATA[Jeremy Keith]]></wp:comment_author>
			<wp:comment_author_email><![CDATA[]]></wp:comment_author_email>
			<wp:comment_author_url>http://testpinger:8080/template?name=adactio-com&amp;target=http://wordpress/2017/11/28/hallo-welt/</wp:comment_author_url>
			<wp:comment_author_IP><![CDATA[192.168.0.2]]></wp:comment_author_IP>
			<wp:comment_date><![CDATA[2013-09-15 13:49:25]]></wp:comment_date>
			<wp:comment_date_gmt><![CDATA[2013-09-15 11:49:25]]></wp:comment_date_gmt>
			<wp:comment_content><![CDATA[Thanks to everyone who helped me <a href="http://adactio.com/journal/6469/" rel="nofollow">test webmentions</a> that I hacked together at <a href="http://indiewebcamp.com/" rel="nofollow">Indie Web Camp</a> last weekend.

Let me explain what <a href="http://webmention.org/" rel="nofollow">web mentions</a> are all about…

Basically, it’s an equivalent to pingback. Let’s say I write something here on adactio.com. Suppose that prompts you to write something in response on your own site. A <a href="http://webmention.org/" rel="nofollow">web mention</a> is a way for you to let me know that your response exists.

If you look in the <code>head</code> of any of my journal posts, you’ll see this <code>link</code> element:

<code>&lt;link rel="webmention" href="http://adactio.com/webmention.php" /&gt;
</code>

That’s my web mention endpoint: <a href="http://adactio.com/webmention.php" rel="nofollow">http://adactio.com/webmention.php</a> …it’s kind of like a <a href="http://en.wikipedia.org/wiki/Webhook" rel="nofollow">webhook</a>: a URL that’s intended to be hit by machines rather than people. So when you publish your response to my post, you ping that URL with a POST request that sends two parameters:



<code>target</code>: the URL of my post and

<code>source</code>: the URL of your response.

Ideally your own CMS or blogging system would take care of doing the pinging, but until that’s more widely implemented, I’m providing <a href="https://gist.github.com/adactio/6575229" rel="nofollow">this form</a> at the end of each of my posts:

Either way, once you ping my web mention endpoint—discoverable through that <code>link rel="webmention"</code>—with those two parameters, I just need to confirm that your post does indeed contain a link to my post—by making a <a href="http://en.wikipedia.org/wiki/CURL" rel="nofollow">cURL</a> request and parsing your source—and then I return a server response of 202 (Accepted).

Here’s the code for <a href="https://gist.github.com/adactio/6484118" rel="nofollow">a minimum viable web mention in PHP</a>.

That’s as far as I got at Indie Web Camp but it was enough for me to start collecting responses to posts.

<a href="http://www.flickr.com/photos/adactio/9739046079/" rel="nofollow"></a>

The next step is to do something with the responses. After all, I’ve already got the source of each response from those cURL requests.

<a href="http://waterpigs.co.uk/" rel="nofollow">Barnaby</a> has a written a nice straightforward <a href="https://github.com/indieweb/php-mf2" rel="nofollow">microformats parser in PHP</a>. I’m using that to check the cURLed source for any responses that have been marked up using <a href="http://microformats.org/wiki/h-entry" rel="nofollow">h-entry</a>. That’s one of the <a href="http://microformats.org/wiki/microformats2" rel="nofollow">microformats 2</a> vocabularies—a much simpler way of writing structured content with microformats.

<a href="http://wordpress/2017/11/28/hallo-welt/">Aaron</a>, <a href="http://caseorganic.com/replies/2013/09/09/1/" rel="nofollow">Amber</a>, and <a href="http://waterpigs.co.uk/notes/4RzBAg/" rel="nofollow">Barnaby</a> all sent responses that were marked up with <a href="http://microformats.org/wiki/h-entry" rel="nofollow">h-entry</a> so now their responses appear in full.

<a href="http://www.flickr.com/photos/adactio/9739045839/" rel="nofollow"></a>

So there you have it. Comments are now open on every <a href="http://adactio.com/journal" rel="nofollow">journal</a> post on adactio.com …the only catch is that you have to write the comment on your own site. And if you want the content of your post to appear here (instead of just a link) then update your blog post template to include a handful of <a href="http://microformats.org/wiki/h-entry" rel="nofollow">h-entry</a> classes.

Feel free to use this post as a test. Mark up your blog with h-entry, write a post that links to this URL, and enter the URL of your post in the form below.]]></wp:comment_content>
			<wp:comment_approved><![CDATA[1]]></wp:comment_approved>
			<wp:comment_type><![CDATA[webmention]]></wp:comment_type>
			<wp:comment_parent>0</wp:comment_parent>
			<wp:comment_user_id>0</wp:comment_user_id>
			<wp:commentmeta>
				<wp:meta_key><![CDATA[webmention_created_at]]></wp:meta_key>
				<wp:meta_value><![CDATA[2017-11-28 20:03:29]]></wp:meta_value>
			</wp:commentmeta>
			<wp:commentmeta>
				<wp:meta_key><![CDATA[webmention_source_url]]></wp:meta_key>
				<wp:meta_value><![CDATA[http://testpinger:8080/template?name=adactio-com&target=http://wordpress/2017/11/28/hallo-welt/]]></wp:meta_value>
			</wp:commentmeta>
			<wp:commentmeta>
				<wp:meta_key><![CDATA[webmention_target_url]]></wp:meta_key>
				<wp:meta_value><![CDATA[http://wordpress/2017/11/28/hallo-welt/]]></wp:meta_value>
			</wp:commentmeta>
			<wp:commentmeta>
				<wp:meta_key><![CDATA[semantic_linkbacks_source]]></wp:meta_key>
				<wp:meta_value><![CDATA[http://testpinger:8080/template?name=adactio-com&target=http://wordpress/2017/11/28/hallo-welt/]]></wp:meta_value>
			</wp:commentmeta>
			<wp:commentmeta>
				<wp:meta_key><![CDATA[semantic_linkbacks_canonical]]></wp:meta_key>
				<wp:meta_value><![CDATA[http://testpinger:8080/template?name=adactio-com&target=http://wordpress/2017/11/28/hallo-welt/#comment469]]></wp:meta_value>
			</wp:commentmeta>
			<wp:commentmeta>
				<wp:meta_key><![CDATA[semantic_linkbacks_type]]></wp:meta_key>
				<wp:meta_value><![CDATA[mention]]></wp:meta_value>
			</wp:commentmeta>
			<wp:commentmeta>
				<wp:meta_key><![CDATA[mf2_in-reply-to]]></wp:meta_key>
				<wp:meta_value><![CDATA[http://adactio.com/journal/6495/]]></wp:meta_value>
			</wp:commentmeta>
		</wp:comment>
		<wp:comment>
			<wp:comment_id>13</wp:comment_id>
			<wp:comment_author><![CDATA[Tantek Çelik]]></wp:comment_author>
			<wp:comment_author_email><![CDATA[]]></wp:comment_author_email>
			<wp:comment_author_url>http://testpinger:8080/template?name=tantek-com&amp;target=http://wordpress/2017/11/28/hallo-welt/</wp:comment_author_url>
			<wp:comment_author_IP><![CDATA[192.168.0.2]]></wp:comment_author_IP>
			<wp:comment_date><![CDATA[2014-05-19 12:56:00]]></wp:comment_date>
			<wp:comment_date_gmt><![CDATA[2014-05-19 10:56:00]]></wp:comment_date_gmt>
			<wp:comment_content><![CDATA[going to Homebrew Website Club, 2014-05-21 18:30 <a href="https://twitter.com/MozSF" rel="nofollow">@MozSF</a>. indieweb: <a href="http://werd.io/2014/homebrew-website-club-5" rel="nofollow">werd.io/2014/homebrew-website-club-5</a> silo: <a href="http://fb.com/events/1509367239285562/" rel="nofollow">fb.com/events/1509367239285562/</a>]]></wp:comment_content>
			<wp:comment_approved><![CDATA[1]]></wp:comment_approved>
			<wp:comment_type><![CDATA[webmention]]></wp:comment_type>
			<wp:comment_parent>0</wp:comment_parent>
			<wp:comment_user_id>0</wp:comment_user_id>
			<wp:commentmeta>
				<wp:meta_key><![CDATA[webmention_created_at]]></wp:meta_key>
				<wp:meta_value><![CDATA[2017-11-28 20:03:30]]></wp:meta_value>
			</wp:commentmeta>
			<wp:commentmeta>
				<wp:meta_key><![CDATA[webmention_source_url]]></wp:meta_key>
				<wp:meta_value><![CDATA[http://testpinger:8080/template?name=tantek-com&target=http://wordpress/2017/11/28/hallo-welt/]]></wp:meta_value>
			</wp:commentmeta>
			<wp:commentmeta>
				<wp:meta_key><![CDATA[webmention_target_url]]></wp:meta_key>
				<wp:meta_value><![CDATA[http://wordpress/2017/11/28/hallo-welt/]]></wp:meta_value>
			</wp:commentmeta>
			<wp:commentmeta>
				<wp:meta_key><![CDATA[semantic_linkbacks_source]]></wp:meta_key>
				<wp:meta_value><![CDATA[http://testpinger:8080/template?name=tantek-com&target=http://wordpress/2017/11/28/hallo-welt/]]></wp:meta_value>
			</wp:commentmeta>
			<wp:commentmeta>
				<wp:meta_key><![CDATA[semantic_linkbacks_author_url]]></wp:meta_key>
				<wp:meta_value><![CDATA[http://tantek.com/]]></wp:meta_value>
			</wp:commentmeta>
			<wp:commentmeta>
				<wp:meta_key><![CDATA[avatar]]></wp:meta_key>
				<wp:meta_value><![CDATA[http://tantek.com/logo.jpg]]></wp:meta_value>
			</wp:commentmeta>
			<wp:commentmeta>
				<wp:meta_key><![CDATA[semantic_linkbacks_canonical]]></wp:meta_key>
				<wp:meta_value><![CDATA[http://tantek.com/2014/139/t1/going-homebrew-website-club-indieweb]]></wp:meta_value>
			</wp:commentmeta>
			<wp:commentmeta>
				<wp:meta_key><![CDATA[semantic_linkbacks_type]]></wp:meta_key>
				<wp:meta_value><![CDATA[rsvp:yes]]></wp:meta_value>
			</wp:commentmeta>
			<wp:commentmeta>
				<wp:meta_key><![CDATA[mf2_in-reply-to]]></wp:meta_key>
				<wp:meta_value><![CDATA[a:3:{s:4:"type";s:6:"h-cite";s:4:"name";s:43:"http://werd.io/2014/homebrew-website-club-5";s:3:"url";s:39:"http://wordpress/2017/11/28/hallo-welt/";}]]></wp:meta_value>
			</wp:commentmeta>
			<wp:commentmeta>
				<wp:meta_key><![CDATA[mf2_author]]></wp:meta_key>
				<wp:meta_value><![CDATA[a:4:{s:4:"type";s:6:"h-card";s:4:"name";s:13:"Tantek Çelik";s:5:"photo";s:26:"http://tantek.com/logo.jpg";s:3:"url";s:18:"http://tantek.com/";}]]></wp:meta_value>
			</wp:commentmeta>
			<wp:commentmeta>
				<wp:meta_key><![CDATA[mf2_rsvp]]></wp:meta_key>
				<wp:meta_value><![CDATA[yes]]></wp:meta_value>
			</wp:commentmeta>
			<wp:commentmeta>
				<wp:meta_key><![CDATA[mf2_uid]]></wp:meta_key>
				<wp:meta_value><![CDATA[http://tantek.com/2014/139/t1/going-homebrew-website-club-indieweb]]></wp:meta_value>
			</wp:commentmeta>
			<wp:commentmeta>
				<wp:meta_key><![CDATA[mf2_syndication]]></wp:meta_key>
				<wp:meta_value><![CDATA[https://twitter.com/t/status/468450178886684672]]></wp:meta_value>
			</wp:commentmeta>
		</wp:comment>
		<wp:comment>
			<wp:comment_id>14</wp:comment_id>
			<wp:comment_author><![CDATA[Pelle Wessman]]></wp:comment_author>
			<wp:comment_author_email><![CDATA[]]></wp:comment_author_email>
			<wp:comment_author_url>http://testpinger:8080/template?name=voxpelli-com&amp;target=http://wordpress/2017/11/28/hallo-welt/</wp:comment_author_url>
			<wp:comment_author_IP><![CDATA[192.168.0.2]]></wp:comment_author_IP>
			<wp:comment_date><![CDATA[2013-12-18 23:45:00]]></wp:comment_date>
			<wp:comment_date_gmt><![CDATA[2013-12-18 22:45:00]]></wp:comment_date_gmt>
			<wp:comment_content><![CDATA[I'm now launching a service that can receive and embeds WebMentions for sites. Useful for eg. static blogs on GitHub Pages.]]></wp:comment_content>
			<wp:comment_approved><![CDATA[1]]></wp:comment_approved>
			<wp:comment_type><![CDATA[]]></wp:comment_type>
			<wp:comment_parent>0</wp:comment_parent>
			<wp:comment_user_id>0</wp:comment_user_id>
			<wp:commentmeta>
				<wp:meta_key><![CDATA[webmention_created_at]]></wp:meta_key>
				<wp:meta_value><![CDATA[2017-11-28 20:03:30]]></wp:meta_value>
			</wp:commentmeta>
			<wp:commentmeta>
				<wp:meta_key><![CDATA[webmention_source_url]]></wp:meta_key>
				<wp:meta_value><![CDATA[http://testpinger:8080/template?name=voxpelli-com&target=http://wordpress/2017/11/28/hallo-welt/]]></wp:meta_value>
			</wp:commentmeta>
			<wp:commentmeta>
				<wp:meta_key><![CDATA[webmention_target_url]]></wp:meta_key>
				<wp:meta_value><![CDATA[http://wordpress/2017/11/28/hallo-welt/]]></wp:meta_value>
			</wp:commentmeta>
			<wp:commentmeta>
				<wp:meta_key><![CDATA[semantic_linkbacks_source]]></wp:meta_key>
				<wp:meta_value><![CDATA[http://testpinger:8080/template?name=voxpelli-com&target=http://wordpress/2017/11/28/hallo-welt/]]></wp:meta_value>
			</wp:commentmeta>
			<wp:commentmeta>
				<wp:meta_key><![CDATA[semantic_linkbacks_author_url]]></wp:meta_key>
				<wp:meta_value><![CDATA[http://voxpelli.com/]]></wp:meta_value>
			</wp:commentmeta>
			<wp:commentmeta>
				<wp:meta_key><![CDATA[avatar]]></wp:meta_key>
				<wp:meta_value><![CDATA[http://voxpelli.com/avatar.jpg]]></wp:meta_value>
			</wp:commentmeta>
			<wp:commentmeta>
				<wp:meta_key><![CDATA[semantic_linkbacks_canonical]]></wp:meta_key>
				<wp:meta_value><![CDATA[http://testpinger:8080/template?name=voxpelli-com&target=http://wordpress/2017/11/28/hallo-welt/]]></wp:meta_value>
			</wp:commentmeta>
			<wp:commentmeta>
				<wp:meta_key><![CDATA[semantic_linkbacks_type]]></wp:meta_key>
				<wp:meta_value><![CDATA[reply]]></wp:meta_value>
			</wp:commentmeta>
			<wp:commentmeta>
				<wp:meta_key><![CDATA[mf2_author]]></wp:meta_key>
				<wp:meta_value><![CDATA[a:4:{s:4:"type";s:6:"h-card";s:5:"photo";s:30:"http://voxpelli.com/avatar.jpg";s:4:"name";s:13:"Pelle Wessman";s:3:"url";s:20:"http://voxpelli.com/";}]]></wp:meta_value>
			</wp:commentmeta>
		</wp:comment>
	</item>
	<item>
		<title>Beispiel-Seite</title>
		<link>http://wordpress/beispiel-seite/</link>
		<pubDate>Tue, 28 Nov 2017 19:56:21 +0000</pubDate>
		<dc:creator><![CDATA[test]]></dc:creator>
		<guid isPermaLink="false">http://wordpress/?page_id=2</guid>
		<description></description>
		<content:encoded><![CDATA[Dies ist eine Beispiel-Seite. Sie unterscheidet sich von Beiträgen, da sie stets an der selben Stelle bleibt und (bei den meisten Themes) in der Navigation angezeigt wird. Die meisten Leute starten mit einem Impressum oder einer &#8222;Über uns&#8220;-Seite mit einer Vorstellung für mögliche Besucher der Website.  Dort könnte zum Beispiel stehen:

<blockquote>Hallo! Tagsüber arbeite ich als Fahrradkurier, nachts bin ich ein aufstrebender Schauspieler und dies hier ist meine Website. Ich lebe in Berlin, habe einen großen Hund namens Jack, mag die Fantastischen Vier und ein kühles Bier.</blockquote>

...oder sowas wie:

<blockquote>Unsere Firma XYZ wurde 1971 gegründet und hat seither eine Menge hochqualitativen ABC für die Öffentlichkeit produziert. Ansässig in Gotham City, hat XYZ mittlerweile über 2,000 Mitarbeiter und entwickelt immer wieder großartige Dinge für die ganze Gotham Gemeinschaft.</blockquote>

Als neuer WordPress-Nutzer solltest du das <a href="http://wordpress/wp-admin/">Dashboard</a> aufrufen, um diese Seite zu löschen und statt dessen eine neue Seite mit deinen eigenen Inhalten erstellen. Viel Spaß!]]></content:encoded>
		<excerpt:encoded><![CDATA[]]></excerpt:encoded>
		<wp:post_id>2</wp:post_id>
		<wp:post_date><![CDATA[2017-11-28 20:56:21]]></wp:post_date>
		<wp:post_date_gmt><![CDATA[2017-11-28 19:56:21]]></wp:post_date_gmt>
		<wp:comment_status><![CDATA[closed]]></wp:comment_status>
		<wp:ping_status><![CDATA[open]]></wp:ping_status>
		<wp:post_name><![CDATA[beispiel-seite]]></wp:post_name>
		<wp:status><![CDATA[publish]]></wp:status>
		<wp:post_parent>0</wp:post_parent>
		<wp:menu_order>0</wp:menu_order>
		<wp:post_type><![CDATA[page]]></wp:post_type>
		<wp:post_password><![CDATA[]]></wp:post_password>
		<wp:is_sticky>0</wp:is_sticky>
		<wp:postmeta>
			<wp:meta_key><![CDATA[_wp_page_template]]></wp:meta_key>
			<wp:meta_value><![CDATA[default]]></wp:meta_value>
		</wp:postmeta>
	</item>
</channel>
</rss>
